[I 12:54:39.926 NotebookApp] The port 8888 is already in use, trying another port.
[I 12:54:39.926 NotebookApp] The port 8889 is already in use, trying another port.
[I 12:54:40.871 NotebookApp] JupyterLab extension loaded from /Users/npardue/anaconda3/lib/python3.7/site-packages/jupyterlab
[I 12:54:40.871 NotebookApp] JupyterLab application directory is /Users/npardue/anaconda3/share/jupyter/lab
[I 12:54:40.874 NotebookApp] Serving notebooks from local directory: /Users/npardue/Desktop/DS/Flat/Projects/estimating_addtl_NBA_seasons
[I 12:54:40.874 NotebookApp] The Jupyter Notebook is running at:
[I 12:54:40.874 NotebookApp] http://localhost:8890/?token=f3ae4a7ffa25f8facfaf4372eb692ae05718e8aa929391c1
[I 12:54:40.874 NotebookApp]  or http://127.0.0.1:8890/?token=f3ae4a7ffa25f8facfaf4372eb692ae05718e8aa929391c1
[I 12:54:40.874 NotebookApp] Use Control-C to stop this server and shut down all kernels (twice to skip confirmation).
[C 12:54:40.891 NotebookApp] 
    
    To access the notebook, open this file in a browser:
        file:///Users/npardue/Library/Jupyter/runtime/nbserver-25396-open.html
    Or copy and paste one of these URLs:
        http://localhost:8890/?token=f3ae4a7ffa25f8facfaf4372eb692ae05718e8aa929391c1
     or http://127.0.0.1:8890/?token=f3ae4a7ffa25f8facfaf4372eb692ae05718e8aa929391c1
[I 12:54:52.445 NotebookApp] Creating new notebook in 
[I 12:54:53.306 NotebookApp] Kernel started: 5e60970b-4bdb-4bda-b6cb-e5650e44f6d4
[W 12:54:53.338 NotebookApp] 404 GET /nbextensions/widgets/notebook/js/extension.js?v=20200902125439 (::1) 9.52ms referer=http://localhost:8890/notebooks/Untitled.ipynb?kernel_name=python3
[I 12:56:53.261 NotebookApp] Saving file at /Untitled.ipynb
[I 12:58:53.250 NotebookApp] Saving file at /Untitled.ipynb
[I 13:02:54.118 NotebookApp] Saving file at /Untitled.ipynb
[I 13:06:53.261 NotebookApp] Saving file at /Executive Notebook.ipynb
[I 13:08:53.256 NotebookApp] Saving file at /Executive Notebook.ipynb
[I 13:10:53.261 NotebookApp] Saving file at /Executive Notebook.ipynb
[I 13:12:53.263 NotebookApp] Saving file at /Executive Notebook.ipynb
[I 13:14:53.264 NotebookApp] Saving file at /Executive Notebook.ipynb
[I 13:16:53.263 NotebookApp] Saving file at /Executive Notebook.ipynb
[I 13:18:53.256 NotebookApp] Saving file at /Executive Notebook.ipynb
[I 13:20:53.263 NotebookApp] Saving file at /Executive Notebook.ipynb
[I 13:22:53.266 NotebookApp] Saving file at /Executive Notebook.ipynb
[I 13:24:53.263 NotebookApp] Saving file at /Executive Notebook.ipynb
[I 13:26:53.261 NotebookApp] Saving file at /Executive Notebook.ipynb
[I 13:28:53.252 NotebookApp] Saving file at /Executive Notebook.ipynb
[I 13:30:53.264 NotebookApp] Saving file at /Executive Notebook.ipynb
[I 13:32:53.262 NotebookApp] Saving file at /Executive Notebook.ipynb
[I 13:34:53.265 NotebookApp] Saving file at /Executive Notebook.ipynb
[I 13:36:53.265 NotebookApp] Saving file at /Executive Notebook.ipynb
[I 13:38:53.265 NotebookApp] Saving file at /Executive Notebook.ipynb
[I 13:40:53.261 NotebookApp] Saving file at /Executive Notebook.ipynb
[I 13:42:53.252 NotebookApp] Saving file at /Executive Notebook.ipynb
[I 13:44:53.265 NotebookApp] Saving file at /Executive Notebook.ipynb
[I 13:46:53.253 NotebookApp] Saving file at /Executive Notebook.ipynb
[I 13:48:53.251 NotebookApp] Saving file at /Executive Notebook.ipynb
[I 13:50:53.262 NotebookApp] Saving file at /Executive Notebook.ipynb
[I 13:52:53.266 NotebookApp] Saving file at /Executive Notebook.ipynb
[I 13:54:53.265 NotebookApp] Saving file at /Executive Notebook.ipynb
[I 13:56:53.265 NotebookApp] Saving file at /Executive Notebook.ipynb
[I 13:58:53.255 NotebookApp] Saving file at /Executive Notebook.ipynb
[I 14:00:53.260 NotebookApp] Saving file at /Executive Notebook.ipynb
[I 14:02:53.260 NotebookApp] Saving file at /Executive Notebook.ipynb
[I 14:04:53.263 NotebookApp] Saving file at /Executive Notebook.ipynb
[I 14:06:53.258 NotebookApp] Saving file at /Executive Notebook.ipynb
[I 14:08:53.251 NotebookApp] Saving file at /Executive Notebook.ipynb
[I 14:10:53.555 NotebookApp] Saving file at /Executive Notebook.ipynb
[I 14:12:53.251 NotebookApp] Saving file at /Executive Notebook.ipynb
[I 14:14:53.267 NotebookApp] Saving file at /Executive Notebook.ipynb
[I 14:30:53.255 NotebookApp] Saving file at /Executive Notebook.ipynb
[I 14:32:53.266 NotebookApp] Saving file at /Executive Notebook.ipynb
[I 14:33:56.946 NotebookApp] Kernel interrupted: 5e60970b-4bdb-4bda-b6cb-e5650e44f6d4
[I 14:34:53.268 NotebookApp] Saving file at /Executive Notebook.ipynb
[I 14:36:53.262 NotebookApp] Saving file at /Executive Notebook.ipynb
[I 14:38:53.254 NotebookApp] Saving file at /Executive Notebook.ipynb
[I 14:40:53.264 NotebookApp] Saving file at /Executive Notebook.ipynb
[I 14:42:53.260 NotebookApp] Saving file at /Executive Notebook.ipynb
[I 14:44:53.253 NotebookApp] Saving file at /Executive Notebook.ipynb
[I 14:45:05.320 NotebookApp] Kernel interrupted: 5e60970b-4bdb-4bda-b6cb-e5650e44f6d4
[I 14:46:53.259 NotebookApp] Saving file at /Executive Notebook.ipynb
[I 14:48:53.250 NotebookApp] Saving file at /Executive Notebook.ipynb
[I 14:50:53.269 NotebookApp] Saving file at /Executive Notebook.ipynb
[I 14:52:53.268 NotebookApp] Saving file at /Executive Notebook.ipynb
[I 14:54:53.284 NotebookApp] Saving file at /Executive Notebook.ipynb
[I 14:56:53.263 NotebookApp] Saving file at /Executive Notebook.ipynb
[I 14:58:53.257 NotebookApp] Saving file at /Executive Notebook.ipynb
[I 15:00:53.270 NotebookApp] Saving file at /Executive Notebook.ipynb
[I 15:06:53.272 NotebookApp] Saving file at /Executive Notebook.ipynb
[I 15:08:53.262 NotebookApp] Saving file at /Executive Notebook.ipynb
[I 15:10:53.266 NotebookApp] Saving file at /Executive Notebook.ipynb
[I 15:12:53.267 NotebookApp] Saving file at /Executive Notebook.ipynb
[I 15:14:53.266 NotebookApp] Saving file at /Executive Notebook.ipynb
[I 15:16:53.264 NotebookApp] Saving file at /Executive Notebook.ipynb
[I 15:18:53.254 NotebookApp] Saving file at /Executive Notebook.ipynb
[I 15:20:53.265 NotebookApp] Saving file at /Executive Notebook.ipynb
[I 15:22:53.267 NotebookApp] Saving file at /Executive Notebook.ipynb
[I 15:24:53.267 NotebookApp] Saving file at /Executive Notebook.ipynb
[I 15:26:53.271 NotebookApp] Saving file at /Executive Notebook.ipynb
[I 15:28:53.256 NotebookApp] Saving file at /Executive Notebook.ipynb
[I 15:30:53.254 NotebookApp] Saving file at /Executive Notebook.ipynb
[I 15:32:53.267 NotebookApp] Saving file at /Executive Notebook.ipynb
[I 15:34:53.265 NotebookApp] Saving file at /Executive Notebook.ipynb
[I 15:36:53.257 NotebookApp] Saving file at /Executive Notebook.ipynb
[I 15:38:53.256 NotebookApp] Saving file at /Executive Notebook.ipynb
[I 15:40:53.272 NotebookApp] Saving file at /Executive Notebook.ipynb
[I 15:42:53.270 NotebookApp] Saving file at /Executive Notebook.ipynb
[I 15:44:53.264 NotebookApp] Saving file at /Executive Notebook.ipynb
[I 15:46:53.263 NotebookApp] Saving file at /Executive Notebook.ipynb
[I 15:48:53.255 NotebookApp] Saving file at /Executive Notebook.ipynb
[I 15:50:53.268 NotebookApp] Saving file at /Executive Notebook.ipynb
[I 15:52:53.554 NotebookApp] Saving file at /Executive Notebook.ipynb
[I 15:54:53.267 NotebookApp] Saving file at /Executive Notebook.ipynb
[I 15:56:53.268 NotebookApp] Saving file at /Executive Notebook.ipynb
[I 16:04:53.275 NotebookApp] Saving file at /Executive Notebook.ipynb
[I 16:12:53.270 NotebookApp] Saving file at /Executive Notebook.ipynb
[I 16:14:53.263 NotebookApp] Saving file at /Executive Notebook.ipynb
[I 16:16:53.258 NotebookApp] Saving file at /Executive Notebook.ipynb
[I 16:18:53.254 NotebookApp] Saving file at /Executive Notebook.ipynb
[I 16:20:53.272 NotebookApp] Saving file at /Executive Notebook.ipynb
[I 16:22:53.274 NotebookApp] Saving file at /Executive Notebook.ipynb
[I 16:24:53.268 NotebookApp] Saving file at /Executive Notebook.ipynb
[I 16:26:53.270 NotebookApp] Saving file at /Executive Notebook.ipynb
[I 16:28:53.258 NotebookApp] Saving file at /Executive Notebook.ipynb
[I 16:30:53.298 NotebookApp] Saving file at /Executive Notebook.ipynb
[I 16:32:53.265 NotebookApp] Saving file at /Executive Notebook.ipynb
[I 16:34:53.270 NotebookApp] Saving file at /Executive Notebook.ipynb
[I 16:36:53.261 NotebookApp] Saving file at /Executive Notebook.ipynb
[I 16:38:53.253 NotebookApp] Saving file at /Executive Notebook.ipynb
[I 16:40:53.270 NotebookApp] Saving file at /Executive Notebook.ipynb
[I 16:42:53.267 NotebookApp] Saving file at /Executive Notebook.ipynb
[I 16:44:53.266 NotebookApp] Saving file at /Executive Notebook.ipynb
[I 16:46:53.272 NotebookApp] Saving file at /Executive Notebook.ipynb
[I 16:48:53.256 NotebookApp] Saving file at /Executive Notebook.ipynb
[I 16:50:53.268 NotebookApp] Saving file at /Executive Notebook.ipynb
[I 16:52:53.268 NotebookApp] Saving file at /Executive Notebook.ipynb
[I 16:54:53.265 NotebookApp] Saving file at /Executive Notebook.ipynb
[I 16:56:53.268 NotebookApp] Saving file at /Executive Notebook.ipynb
[I 16:58:53.259 NotebookApp] Saving file at /Executive Notebook.ipynb
[I 17:00:53.266 NotebookApp] Saving file at /Executive Notebook.ipynb
[I 17:02:53.267 NotebookApp] Saving file at /Executive Notebook.ipynb
[I 17:04:53.269 NotebookApp] Saving file at /Executive Notebook.ipynb
[I 17:05:43.200 NotebookApp] Saving file at /Executive Notebook.ipynb
[I 17:06:53.259 NotebookApp] Saving file at /Executive Notebook.ipynb
[I 17:07:46.959 NotebookApp] Saving file at /Executive Notebook.ipynb
[I 17:08:02.848 NotebookApp] Saving file at /Executive Notebook.ipynb
[I 17:08:53.261 NotebookApp] Saving file at /Executive Notebook.ipynb
[I 17:10:53.272 NotebookApp] Saving file at /Executive Notebook.ipynb
[I 17:14:53.268 NotebookApp] Saving file at /Executive Notebook.ipynb
[I 17:16:53.266 NotebookApp] Saving file at /Executive Notebook.ipynb
[I 17:18:53.262 NotebookApp] Saving file at /Executive Notebook.ipynb
[I 17:20:53.276 NotebookApp] Saving file at /Executive Notebook.ipynb
[I 17:22:53.272 NotebookApp] Saving file at /Executive Notebook.ipynb
[I 17:24:53.269 NotebookApp] Saving file at /Executive Notebook.ipynb
[I 17:24:53.342 NotebookApp] Saving file at /Executive Notebook.ipynb
[I 17:26:53.267 NotebookApp] Saving file at /Executive Notebook.ipynb
[I 17:28:53.271 NotebookApp] Saving file at /Executive Notebook.ipynb
[I 17:30:53.267 NotebookApp] Saving file at /Executive Notebook.ipynb
[I 17:32:53.270 NotebookApp] Saving file at /Executive Notebook.ipynb
[I 17:34:53.263 NotebookApp] Saving file at /Executive Notebook.ipynb
[I 17:34:54.332 NotebookApp] Saving file at /Executive Notebook.ipynb
[I 17:38:17.124 NotebookApp] Saving file at /Executive Notebook.ipynb
[I 17:38:19.418 NotebookApp] Starting buffering for 5e60970b-4bdb-4bda-b6cb-e5650e44f6d4:ff2ae5bd1ad64e4b9b52c07018f6df8d
[I 17:39:27.360 NotebookApp] Kernel shutdown: 5e60970b-4bdb-4bda-b6cb-e5650e44f6d4
